
=== Wed Jul 26 05:58:08 2023

Packages were changed.
Update Mode: updateDependencies

The following packages were updated:
  com.unity.collab-proxy from version 1.15.4 to 1.17.7
  com.unity.ide.rider from version 2.0.7 to 3.0.16
  com.unity.ide.visualstudio from version 2.0.12 to 2.0.16
  com.unity.ide.vscode from version 1.2.4 to 1.2.5
  com.unity.postprocessing from version 3.2.0 to 3.2.2
  com.unity.probuilder from version 4.5.2 to 5.0.3
  com.unity.shadergraph from version 10.7.0 to 12.1.8
  com.unity.test-framework from version 1.1.29 to 1.1.31
  com.unity.timeline from version 1.4.8 to 1.6.4

=== Fri Jul 28 17:46:38 2023

Packages were changed.
Update Mode: updateDependencies

The following packages were added:
  com.unity.ai.navigation@1.1.3
The following packages were updated:
  com.unity.collab-proxy from version 1.17.7 to 2.0.4
  com.unity.ide.rider from version 3.0.16 to 3.0.21
  com.unity.ide.visualstudio from version 2.0.16 to 2.0.18
  com.unity.probuilder from version 5.0.3 to 5.0.7
  com.unity.shadergraph from version 12.1.8 to 14.0.8
  com.unity.test-framework from version 1.1.31 to 1.1.33
  com.unity.timeline from version 1.6.4 to 1.7.4
